Command line invocation:
    /Applications/Xcode.app/Contents/Developer/usr/bin/xcodebuild -project xcode/pharnote/pharnote.xcodeproj -scheme pharnote -configuration Debug -sdk iphonesimulator -destination "platform=iOS Simulator,id=46BEAFED-1ABC-40FC-BF12-CD9A9E5D2EBB" -derivedDataPath ./build/DerivedData build

Build settings from command line:
    SDKROOT = iphonesimulator26.2

2026-03-15 18:44:55.864 xcodebuild[92971:31134494] [MT] IDELogStore: Failed to open log store at /Users/osteoclasts_/Desktop/coding/pharnote/build/DerivedData/Logs/Build
2026-03-15 18:44:55.864 xcodebuild[92971:31134494] [MT] IDELogStore: Failed to open Build log store: Error Domain=IDEFoundationErrorDomain Code=1 "Unable to create log store directory at '/Users/osteoclasts_/Desktop/coding/pharnote/build/DerivedData/Logs/Build': (513) You don’t have permission to save the file “Build” in the folder “Logs”." UserInfo={NSLocalizedDescription=Unable to create log store directory at '/Users/osteoclasts_/Desktop/coding/pharnote/build/DerivedData/Logs/Build': (513) You don’t have permission to save the file “Build” in the folder “Logs”.}. User info: {
    NSLocalizedDescription = "Unable to create log store directory at '/Users/osteoclasts_/Desktop/coding/pharnote/build/DerivedData/Logs/Build': (513) You don\U2019t have permission to save the file \U201cBuild\U201d in the folder \U201cLogs\U201d.";
}.
2026-03-15 18:44:55.933 xcodebuild[92971:31134494] [MT] IDELogStore: Failed to open log store at /Users/osteoclasts_/Desktop/coding/pharnote/build/DerivedData/Logs/Localization
2026-03-15 18:44:55.933 xcodebuild[92971:31134494] [MT] IDELogStore: Failed to open Localization log store: Error Domain=IDEFoundationErrorDomain Code=1 "Unable to create log store directory at '/Users/osteoclasts_/Desktop/coding/pharnote/build/DerivedData/Logs/Localization': (513) You don’t have permission to save the file “Localization” in the folder “Logs”." UserInfo={NSLocalizedDescription=Unable to create log store directory at '/Users/osteoclasts_/Desktop/coding/pharnote/build/DerivedData/Logs/Localization': (513) You don’t have permission to save the file “Localization” in the folder “Logs”.}. User info: {
    NSLocalizedDescription = "Unable to create log store directory at '/Users/osteoclasts_/Desktop/coding/pharnote/build/DerivedData/Logs/Localization': (513) You don\U2019t have permission to save the file \U201cLocalization\U201d in the folder \U201cLogs\U201d.";
}.
2026-03-15 18:44:55.934 xcodebuild[92971:31134494] [MT] IDELogStore: Failed to open log store at /Users/osteoclasts_/Desktop/coding/pharnote/build/DerivedData/Logs/Launch
2026-03-15 18:44:55.934 xcodebuild[92971:31134494] [MT] IDELogStore: Failed to open Launch log store: Error Domain=IDEFoundationErrorDomain Code=1 "Unable to create log store directory at '/Users/osteoclasts_/Desktop/coding/pharnote/build/DerivedData/Logs/Launch': (513) You don’t have permission to save the file “Launch” in the folder “Logs”." UserInfo={NSLocalizedDescription=Unable to create log store directory at '/Users/osteoclasts_/Desktop/coding/pharnote/build/DerivedData/Logs/Launch': (513) You don’t have permission to save the file “Launch” in the folder “Logs”.}. User info: {
    NSLocalizedDescription = "Unable to create log store directory at '/Users/osteoclasts_/Desktop/coding/pharnote/build/DerivedData/Logs/Launch': (513) You don\U2019t have permission to save the file \U201cLaunch\U201d in the folder \U201cLogs\U201d.";
}.
2026-03-15 18:44:55.935 xcodebuild[92971:31134494] [MT] IDELogStore: Failed to open log store at /Users/osteoclasts_/Desktop/coding/pharnote/build/DerivedData/Logs/Package
2026-03-15 18:44:55.935 xcodebuild[92971:31134494] [MT] IDELogStore: Failed to open Package log store: Error Domain=IDEFoundationErrorDomain Code=1 "Unable to create log store directory at '/Users/osteoclasts_/Desktop/coding/pharnote/build/DerivedData/Logs/Package': (513) You don’t have permission to save the file “Package” in the folder “Logs”." UserInfo={NSLocalizedDescription=Unable to create log store directory at '/Users/osteoclasts_/Desktop/coding/pharnote/build/DerivedData/Logs/Package': (513) You don’t have permission to save the file “Package” in the folder “Logs”.}. User info: {
    NSLocalizedDescription = "Unable to create log store directory at '/Users/osteoclasts_/Desktop/coding/pharnote/build/DerivedData/Logs/Package': (513) You don\U2019t have permission to save the file \U201cPackage\U201d in the folder \U201cLogs\U201d.";
}.
2026-03-15 18:44:56.035 xcodebuild[92971:31134494] [MT] IDELogStore: Failed to open log store at /Users/osteoclasts_/Desktop/coding/pharnote/build/DerivedData/Logs/Test
2026-03-15 18:44:56.035 xcodebuild[92971:31134494] [MT] IDELogStore: Failed to open Test log store: Error Domain=IDEFoundationErrorDomain Code=1 "Unable to create log store directory at '/Users/osteoclasts_/Desktop/coding/pharnote/build/DerivedData/Logs/Test': (513) You don’t have permission to save the file “Test” in the folder “Logs”." UserInfo={NSLocalizedDescription=Unable to create log store directory at '/Users/osteoclasts_/Desktop/coding/pharnote/build/DerivedData/Logs/Test': (513) You don’t have permission to save the file “Test” in the folder “Logs”.}. User info: {
    NSLocalizedDescription = "Unable to create log store directory at '/Users/osteoclasts_/Desktop/coding/pharnote/build/DerivedData/Logs/Test': (513) You don\U2019t have permission to save the file \U201cTest\U201d in the folder \U201cLogs\U201d.";
}.
Build Preparation
Couldn't create workspace arena folder '/Users/osteoclasts_/Desktop/coding/pharnote/build/DerivedData': You don’t have permission to save the file “DerivedData” in the folder “build”.

** BUILD FAILED **


The following build commands failed:
	Building project pharnote with scheme pharnote and configuration Debug
(1 failure)
